WeiXinEmoj/proguard.cfg
-dontwarn
-optimizationpasses 5
-dontusemixedcaseclassnames
-dontskipnonpubliclibraryclasses
-dontpreverify
-verbose
-optimizations !code/simplification/arithmetic,!field/*,!class/merging/*

-keep public class * extends android.app.Activity
-keep public class * extends android.app.Application
-keep public class * extends android.app.Service
-keep public class * extends android.content.BroadcastReceiver
-keep public class * extends android.content.ContentProvider
-keep public class * extends android.app.backup.BackupAgentHelper
-keep public class * extends android.preference.Preference
-keep public class com.android.vending.licensing.ILicensingService

-keepclasseswithmembernames class * {
    native <methods>;
}

-keepclasseswithmembers class * {
    public <init>(android.content.Context, android.util.AttributeSet);
}

-keepclasseswithmembers class * {
    public <init>(android.content.Context, android.util.AttributeSet, int);
}

-keepclassmembers class * extends android.app.Activity {
   public void *(android.view.View);
}

-keepclassmembers enum * {
    public static **[] values();
    public static ** valueOf(java.lang.String);
}

-keep class * implements android.os.Parcelable {
  public static final android.os.Parcelable$Creator *;
}

-keepclassmembers class * {
   public <init>(org.json.JSONObject);
}
-keep public class com.dabing.emoj.R$*{
    public static final int *;
}
-keep public class com.umeng.fb.ui.ThreadView {
}
-keep class com.tencent.mm.sdk.openapi.WXMediaMessage {*;}

-keep class com.tencent.mm.sdk.openapi.** implements com.tencent.mm.sdk.openapi.WXMediaMessage$IMediaObject {*;}

-keep public class com.tencent.appwallsdk.view.* {public *;}
-keep public class com.tencent.appwallsdk.* {public static *;}
-keep public class com.tencent.appwallsdk.service.* {public *;}
-keep public class com.tencent.appwallsdk.activity.* {public *;}
-keep public class com.tencent.appwallsdk.logic.JSObject {public *;}
-keep public class cn.waps.** {*;} 
-keep public interface cn.waps.** {*;}