WeiXinEmoj/proguard/seeds.txt
com.dabing.emoj.BaseActivity
com.dabing.emoj.BaseActivity: BaseActivity()
com.dabing.emoj.BaseApplication
com.dabing.emoj.BaseApplication: BaseApplication()
com.dabing.emoj.R$anim
com.dabing.emoj.R$anim: int fade
com.dabing.emoj.R$anim: int gd_grow_from_bottom
com.dabing.emoj.R$anim: int gd_grow_from_bottomleft_to_topright
com.dabing.emoj.R$anim: int gd_grow_from_bottomright_to_topleft
com.dabing.emoj.R$anim: int gd_grow_from_top
com.dabing.emoj.R$anim: int gd_grow_from_topleft_to_bottomright
com.dabing.emoj.R$anim: int gd_grow_from_topright_to_bottomleft
com.dabing.emoj.R$anim: int gd_rack
com.dabing.emoj.R$anim: int gd_shrink_from_bottom
com.dabing.emoj.R$anim: int gd_shrink_from_bottomleft_to_topright
com.dabing.emoj.R$anim: int gd_shrink_from_bottomright_to_topleft
com.dabing.emoj.R$anim: int gd_shrink_from_top
com.dabing.emoj.R$anim: int gd_shrink_from_topleft_to_bottomright
com.dabing.emoj.R$anim: int gd_shrink_from_topright_to_bottomleft
com.dabing.emoj.R$anim: int hold_in
com.dabing.emoj.R$anim: int hold_out
com.dabing.emoj.R$anim: int layout_grid_fade
com.dabing.emoj.R$anim: int overshoot_down_in
com.dabing.emoj.R$anim: int overshoot_left_in
com.dabing.emoj.R$anim: int overshoot_right_in
com.dabing.emoj.R$anim: int overshoot_up_in
com.dabing.emoj.R$anim: int pop_in
com.dabing.emoj.R$anim: int push_down_in
com.dabing.emoj.R$anim: int push_down_out
com.dabing.emoj.R$anim: int push_up_in
com.dabing.emoj.R$anim: int push_up_out
com.dabing.emoj.R$anim: int qqappwall_push_up_in
com.dabing.emoj.R$anim: int qqappwall_push_up_out
com.dabing.emoj.R$anim: int slide_in_from_bottom
com.dabing.emoj.R$array
com.dabing.emoj.R$array: int UMageList
com.dabing.emoj.R$array: int UMgenderList
com.dabing.emoj.R$array: int pull_msg_array
com.dabing.emoj.R$attr
com.dabing.emoj.R$attr: int CenterInVertical
com.dabing.emoj.R$attr: int activeDot
com.dabing.emoj.R$attr: int alignmentMode
com.dabing.emoj.R$attr: int columnCount
com.dabing.emoj.R$attr: int columnOrderPreserved
com.dabing.emoj.R$attr: int defaultSrc
com.dabing.emoj.R$attr: int default_src
com.dabing.emoj.R$attr: int dividerDrawable
com.dabing.emoj.R$attr: int dividerWidth
com.dabing.emoj.R$attr: int dotCount
com.dabing.emoj.R$attr: int dotDrawable
com.dabing.emoj.R$attr: int dotSpacing
com.dabing.emoj.R$attr: int dotType
com.dabing.emoj.R$attr: int drawable
com.dabing.emoj.R$attr: int enabled
com.dabing.emoj.R$attr: int gdActionBarApplicationDrawable
com.dabing.emoj.R$attr: int gdActionBarBackground
com.dabing.emoj.R$attr: int gdActionBarDividerDrawable
com.dabing.emoj.R$attr: int gdActionBarDividerStyle
com.dabing.emoj.R$attr: int gdActionBarDividerWidth
com.dabing.emoj.R$attr: int gdActionBarHomeDrawable
com.dabing.emoj.R$attr: int gdActionBarItemBackground
com.dabing.emoj.R$attr: int gdActionBarItemColorAlt
com.dabing.emoj.R$attr: int gdActionBarItemColorNormal
com.dabing.emoj.R$attr: int gdActionBarItemStyle
com.dabing.emoj.R$attr: int gdActionBarMaxItems
com.dabing.emoj.R$attr: int gdActionBarStyle
com.dabing.emoj.R$attr: int gdActionBarTitleColor
com.dabing.emoj.R$attr: int gdActionBarTitleStyle
com.dabing.emoj.R$attr: int gdDescriptionItemViewStyle
com.dabing.emoj.R$attr: int gdDrawableHeight
...
cn.waps.as
cn.waps.as: java.lang.Thread$UncaughtExceptionHandler a
cn.waps.as: cn.waps.as b
cn.waps.as: android.content.Context c
cn.waps.as: cn.waps.au d
cn.waps.as: cn.waps.am e
cn.waps.as: java.lang.String f
cn.waps.as: java.lang.String g
cn.waps.as: java.lang.String h
cn.waps.as: as(android.content.Context,cn.waps.am,java.lang.String)
cn.waps.as: cn.waps.as a(android.content.Context,cn.waps.am,java.lang.String)
cn.waps.as: void a()
cn.waps.as: void uncaughtException(java.lang.Thread,java.lang.Throwable)
cn.waps.as: boolean a(java.lang.Throwable)
cn.waps.as: void a(android.content.Context)
cn.waps.as: java.lang.String d()
cn.waps.as: void b(java.lang.Throwable)
cn.waps.as: android.content.Context b()
cn.waps.as: java.lang.String a(cn.waps.as)
cn.waps.as: java.lang.String b(cn.waps.as)
cn.waps.as: cn.waps.am c()
cn.waps.as: java.lang.String c(cn.waps.as)
cn.waps.as: void <clinit>()
cn.waps.av
cn.waps.av: av()
cn.waps.av: java.util.Map a()
cn.waps.av: java.util.Map b()
cn.waps.ba
cn.waps.ba: int a
cn.waps.ba: android.content.Context b
cn.waps.ba: cn.waps.MiniAdView c
cn.waps.ba: ba(cn.waps.MiniAdView,android.content.Context,int)
cn.waps.ba: void onClick(android.view.View)
cn.waps.bg
cn.waps.bg: android.content.Context g
cn.waps.bg: cn.waps.SDKUtils h
cn.waps.bg: java.lang.String i
cn.waps.bg: java.io.File a
cn.waps.bg: android.app.AlertDialog b
cn.waps.bg: java.util.Map j
cn.waps.bg: java.lang.String c
cn.waps.bg: java.lang.String d
cn.waps.bg: cn.waps.al e
cn.waps.bg: boolean f
cn.waps.bg: bg(android.content.Context)
cn.waps.bg: java.lang.Object[] a(java.lang.String,java.util.List,org.apache.http.entity.ByteArrayEntity)
cn.waps.bg: java.lang.Object[] b(java.lang.String,java.util.List,org.apache.http.entity.ByteArrayEntity)
cn.waps.bg: java.lang.Object[] c(java.lang.String,java.util.List,org.apache.http.entity.ByteArrayEntity)
cn.waps.bg: java.lang.Object[] a(java.lang.String,org.apache.http.HttpHost,org.apache.http.HttpHost,org.apache.http.entity.ByteArrayEntity,java.util.List)
cn.waps.bg: boolean a(android.webkit.WebView,java.lang.String)
cn.waps.bg: android.content.Intent a(android.content.Context,java.lang.String)
cn.waps.bg: java.lang.String a(java.lang.String,java.lang.String)
cn.waps.bg: java.lang.String a(java.lang.String,int)
cn.waps.bg: void a(java.lang.String,java.lang.String,java.lang.String)
cn.waps.bg: boolean a(java.lang.String)
cn.waps.bg: java.lang.String b(android.content.Context,java.lang.String)
cn.waps.bg: java.lang.String c(android.content.Context,java.lang.String)
cn.waps.bg: void a(android.content.Context,java.lang.String,java.lang.String)
cn.waps.f
cn.waps.f: float a
cn.waps.f: float b
cn.waps.f: float c
cn.waps.f: float d
cn.waps.f: float e
cn.waps.f: boolean f
cn.waps.f: android.graphics.Camera g
cn.waps.f: f(float,float,float,float,float,boolean)
cn.waps.f: void initialize(int,int,int,int)
cn.waps.f: void applyTransformation(float,android.view.animation.Transformation)
com.ant.liao.GifView
com.ant.liao.GifView: GifView(android.content.Context)
com.ant.liao.GifView: GifView(android.content.Context,android.util.AttributeSet)
com.ant.liao.GifView: GifView(android.content.Context,android.util.AttributeSet,int)
com.ant.liao.GifView$GifImageType: com.ant.liao.GifView$GifImageType[] values()
com.ant.liao.GifView$GifImageType: com.ant.liao.GifView$GifImageType valueOf(java.lang.String)