WeiXinEmoj/proguard/mapping.txt
com.dabing.emoj.BaseActivity -> com.dabing.emoj.BaseActivity:
    void onCreate(android.os.Bundle) -> onCreate
    void onResume() -> onResume
    void onPause() -> onPause
com.dabing.emoj.BaseApplication -> com.dabing.emoj.BaseApplication:
    java.lang.String TAG -> a
    void onCreate() -> onCreate
    void onTerminate() -> onTerminate
    void clearTemp() -> e
com.dabing.emoj.R -> com.dabing.emoj.R:
com.dabing.emoj.R$anim -> com.dabing.emoj.R$anim:
    int fade -> fade
    int gd_grow_from_bottom -> gd_grow_from_bottom
    int gd_grow_from_bottomleft_to_topright -> gd_grow_from_bottomleft_to_topright
    int gd_grow_from_bottomright_to_topleft -> gd_grow_from_bottomright_to_topleft
    int gd_grow_from_top -> gd_grow_from_top
    int gd_grow_from_topleft_to_bottomright -> gd_grow_from_topleft_to_bottomright
    int gd_grow_from_topright_to_bottomleft -> gd_grow_from_topright_to_bottomleft
    int gd_rack -> gd_rack
    int gd_shrink_from_bottom -> gd_shrink_from_bottom
    int gd_shrink_from_bottomleft_to_topright -> gd_shrink_from_bottomleft_to_topright
    int gd_shrink_from_bottomright_to_topleft -> gd_shrink_from_bottomright_to_topleft
    int gd_shrink_from_top -> gd_shrink_from_top
    int gd_shrink_from_topleft_to_bottomright -> gd_shrink_from_topleft_to_bottomright
    int gd_shrink_from_topright_to_bottomleft -> gd_shrink_from_topright_to_bottomleft
    int hold_in -> hold_in
    int hold_out -> hold_out
    int layout_grid_fade -> layout_grid_fade
    int overshoot_down_in -> overshoot_down_in
    int overshoot_left_in -> overshoot_left_in
    int overshoot_right_in -> overshoot_right_in
    int overshoot_up_in -> overshoot_up_in
    int pop_in -> pop_in
    int push_down_in -> push_down_in
    int push_down_out -> push_down_out
    int push_up_in -> push_up_in
    int push_up_out -> push_up_out
com.dabing.emoj.R$array -> com.dabing.emoj.R$array:
    int UMageList -> UMageList
    int UMgenderList -> UMgenderList
    int pull_msg_array -> pull_msg_array
com.dabing.emoj.R$attr -> com.dabing.emoj.R$attr:
    int CenterInVertical -> CenterInVertical
    int activeDot -> activeDot
    int alignmentMode -> alignmentMode
    int columnCount -> columnCount
    int columnOrderPreserved -> columnOrderPreserved
    int defaultSrc -> defaultSrc
    int default_src -> default_src
    int dividerDrawable -> dividerDrawable
    int dividerWidth -> dividerWidth
    int dotCount -> dotCount
    int dotDrawable -> dotDrawable
    int dotSpacing -> dotSpacing
    int dotType -> dotType
    int drawable -> drawable
    int enabled -> enabled
    int gdActionBarApplicationDrawable -> gdActionBarApplicationDrawable
    int gdActionBarBackground -> gdActionBarBackground
    int gdActionBarDividerDrawable -> gdActionBarDividerDrawable
    int gdActionBarDividerStyle -> gdActionBarDividerStyle
    int gdActionBarDividerWidth -> gdActionBarDividerWidth
    int gdActionBarHomeDrawable -> gdActionBarHomeDrawable
    int gdActionBarItemBackground -> gdActionBarItemBackground
    int gdActionBarItemColorAlt -> gdActionBarItemColorAlt
    int gdActionBarItemColorNormal -> gdActionBarItemColorNormal
    int gdActionBarItemStyle -> gdActionBarItemStyle
    int gdActionBarMaxItems -> gdActionBarMaxItems
    int gdActionBarStyle -> gdActionBarStyle
    int gdActionBarTitleColor -> gdActionBarTitleColor
    int gdActionBarTitleStyle -> gdActionBarTitleStyle
    int gdDescriptionItemViewStyle -> gdDescriptionItemViewStyle
...
android.support.v7.widget.GridLayout -> android.support.v7.widget.GridLayout:
    java.lang.String TAG -> a
    android.support.v7.widget.GridLayout$Axis horizontalAxis -> b
    android.support.v7.widget.GridLayout$Axis verticalAxis -> c
    boolean layoutParamsValid -> d
    int orientation -> e
    boolean useDefaultMargins -> f
    int alignmentMode -> g
    int defaultGap -> h
    int lastLayoutParamsHashCode -> i
    android.support.v7.widget.GridLayout$Alignment UNDEFINED_ALIGNMENT -> j
    android.support.v7.widget.GridLayout$Alignment LEADING -> t
    android.support.v7.widget.GridLayout$Alignment TRAILING -> u
    android.support.v7.widget.GridLayout$Alignment TOP -> k
    android.support.v7.widget.GridLayout$Alignment BOTTOM -> l
    android.support.v7.widget.GridLayout$Alignment START -> m
    android.support.v7.widget.GridLayout$Alignment END -> n
    android.support.v7.widget.GridLayout$Alignment LEFT -> o
    android.support.v7.widget.GridLayout$Alignment RIGHT -> p
    android.support.v7.widget.GridLayout$Alignment CENTER -> q
    android.support.v7.widget.GridLayout$Alignment BASELINE -> r
    android.support.v7.widget.GridLayout$Alignment FILL -> s
    void setColumnCount(int) -> a
    int max2$49667a13(int[]) -> a
    java.lang.Object[] append(java.lang.Object[],java.lang.Object[]) -> a
    android.support.v7.widget.GridLayout$Alignment getAlignment(int,boolean) -> a
    int getMargin1(android.view.View,boolean,boolean) -> a
android.support.v7.widget.GridLayout$1 -> android.support.v7.widget.a:
    int getGravityOffset(android.view.View,int) -> a
    int getAlignmentValue(android.view.View,int) -> b
android.support.v7.widget.GridLayout$2 -> android.support.v7.widget.b:
    int getGravityOffset(android.view.View,int) -> a
    int getAlignmentValue(android.view.View,int) -> b
android.support.v7.widget.GridLayout$3 -> android.support.v7.widget.c:
    int getGravityOffset(android.view.View,int) -> a
    int getAlignmentValue(android.view.View,int) -> b
android.support.v7.widget.GridLayout$4 -> android.support.v7.widget.d:
    android.support.v7.widget.GridLayout$Alignment val$ltr -> a
    android.support.v7.widget.GridLayout$Alignment val$rtl -> b
    int getGravityOffset(android.view.View,int) -> a
    int getAlignmentValue(android.view.View,int) -> b
android.support.v7.widget.GridLayout$5 -> android.support.v7.widget.e:
    int getGravityOffset(android.view.View,int) -> a
    int getAlignmentValue(android.view.View,int) -> b
android.support.v7.widget.GridLayout$6 -> android.support.v7.widget.f:
    int getGravityOffset(android.view.View,int) -> a
    int getAlignmentValue(android.view.View,int) -> b
    android.support.v7.widget.GridLayout$Bounds getBounds() -> a
android.support.v7.widget.GridLayout$6$1 -> android.support.v7.widget.g:
    int size -> e
    android.support.v7.widget.GridLayout$6 this$0 -> a
    void reset() -> a
    void include(int,int) -> a
    int size(boolean) -> a
    int getOffset(android.view.View,android.support.v7.widget.GridLayout$Alignment,int) -> a
android.support.v7.widget.GridLayout$7 -> android.support.v7.widget.h:
    int getGravityOffset(android.view.View,int) -> a
    int getAlignmentValue(android.view.View,int) -> b
    int getSizeInCell$17e143b0(int,int) -> a
android.support.v7.widget.GridLayout$Alignment -> android.support.v7.widget.i:
    int getGravityOffset(android.view.View,int) -> a
    int getAlignmentValue(android.view.View,int) -> b
    int getSizeInCell$17e143b0(int,int) -> a
    android.support.v7.widget.GridLayout$Bounds getBounds() -> a
android.support.v7.widget.GridLayout$Arc -> android.support.v7.widget.j:
    android.support.v7.widget.GridLayout$Interval span -> a
    android.support.v7.widget.GridLayout$MutableInt value -> b
    boolean valid -> c
    java.lang.String toString() -> toString