WeiXinEmoj/proguard/usage.txt
com.dabing.emoj.BuildConfig
com.dabing.emoj.R:
    10:10:public R()
com.dabing.emoj.activity.EmojBrowsePictureActivity:
    private static final int MENU_ID_ZOOM
    private static final int MENU_ID_PAN
    private static final int MENU_ID_RESET
    private android.widget.ZoomControls mZoomControls
    static final float ZOOM_RATIO
    static final long delayMillis
com.dabing.emoj.activity.EmojBrowseViewActivity:
    protected static final int MENU_ID_ZOOM
    protected static final int MENU_ID_PAN
    protected static final int MENU_ID_RESET
    protected android.widget.ZoomControls mZoomControls
    static final float ZOOM_RATIO
    static final long delayMillis
com.dabing.emoj.activity.EmojContainerActivity:
    152:153:private void UmengEvent(java.lang.String)
com.dabing.emoj.activity.EmojEmotionActivity:
    150:151:private void UmengEvent(java.lang.String)
com.dabing.emoj.activity.EmojImageViewActivity:
    private static final int MENU_ID_ZOOM
    private static final int MENU_ID_PAN
    private static final int MENU_ID_RESET
    private android.widget.ZoomControls mZoomControls
com.dabing.emoj.activity.EmojSearchActivity:
    static final int COL_NUM
    static final java.lang.String REQ_NUM
    322:336:private void getImages(org.json.JSONArray)
com.dabing.emoj.activity.EmojViewActivity:
    private static final int MENU_ID_ZOOM
    private static final int MENU_ID_PAN
    private static final int MENU_ID_RESET
    private android.widget.ZoomControls mZoomControls
com.dabing.emoj.activity.MainTab2Activity:
    android.widget.ImageView cursor
com.dabing.emoj.activity.SettingActivity:
    static final int REQUEST_LOGIN
com.dabing.emoj.activity.SettingActivity$UserInfoTask
com.dabing.emoj.activity.SettingUserInfoActivity:
    static final int REQUEST_LOGIN
com.dabing.emoj.activity.UserDefineActivity:
    com.handmark.pulltorefresh.library.PullToRefreshScrollView mScrollView
    com.dabing.emoj.adpater.AlbumCusorAdapter adapter
    static final long REFLESH_UI_DELAY
    static final int COLUM_NUM
    static final int COLUM_PADDING
    112:117:private void calculateAlbumWidth()
com.dabing.emoj.activity.UserDefineActivity$ImageFilenameFilter
com.dabing.emoj.activity.UserDefineAddActivity:
    static final int MSG_GET_FILES
    static final int MSG_LOADING
    static final int MSG_TASK_FINISH
com.dabing.emoj.activity.WelcomeActivity:
    static final long delay
com.dabing.emoj.admin.SelectEmojActivity:
    private static final int MENU_ID_ZOOM
    private static final int MENU_ID_PAN
    private static final int MENU_ID_RESET
    private android.widget.ZoomControls mZoomControls
    static final long delayMillis
    522:530:private void SetupWxAction()
com.dabing.emoj.admin.uploadPicActivity:
    static final int interval
com.dabing.emoj.adpater.AlbumCusorAdapter:
    static final int COLUM_PADDING
    74:77:public void close()
com.dabing.emoj.adpater.CrystalHeaderGridViewAdapter:
    66:67:private android.graphics.drawable.Drawable getBackground(java.lang.String)
    111:116:public org.json.JSONObject getData(int)
com.dabing.emoj.adpater.DownloadGridViewAdapter:
    99:99:public org.json.JSONObject getJsonObject(int)
com.dabing.emoj.adpater.EmojUmGridViewAdapter:
    56:63:public java.lang.String getURL(int)
com.dabing.emoj.adpater.HeaderGridViewAdapter
com.dabing.emoj.adpater.HeaderPageViewAdpater
com.dabing.emoj.adpater.HeaderPageViewAdpater$1
com.dabing.emoj.advertise.WAPS_CustomAd:
    static final long DELAY
    static final long PERIOD
    96:97:public void setPause(boolean)
com.dabing.emoj.db.UserDefineContentProvider:
    static final int URI_ALBUM
    static final int URI_ALBUM_ID
...
android.support.v4.app.Fragment:
    static final int INITIALIZING
    static final int CREATED
    static final int ACTIVITY_CREATED
    static final int STOPPED
    static final int STARTED
    static final int RESUMED
    461:461:public final int getId()
    468:468:public final java.lang.String getTag()
    479:483:public void setArguments(android.os.Bundle)
    490:490:public final android.os.Bundle getArguments()
    502:507:public void setInitialSavedState(android.support.v4.app.Fragment$SavedState)
    521:523:public void setTargetFragment(android.support.v4.app.Fragment,int)
    529:529:public final android.support.v4.app.Fragment getTargetFragment()
    536:536:public final int getTargetRequestCode()
    563:563:public final java.lang.CharSequence getText(int)
    586:586:public final varargs java.lang.String getString(int,java.lang.Object[])
    597:597:public final android.support.v4.app.FragmentManager getFragmentManager()
    604:604:public final boolean isAdded()
    613:613:public final boolean isDetached()
    622:622:public final boolean isRemoving()
    633:633:public final boolean isInLayout()
    641:641:public final boolean isResumed()
    650:650:public final boolean isVisible()
    662:662:public final boolean isHidden()
    690:691:public void setRetainInstance(boolean)
    694:694:public final boolean getRetainInstance()
    705:711:public void setHasOptionsMenu(boolean)
    723:729:public void setMenuVisibility(boolean)
android.support.v4.app.Fragment$SavedState:
    291:293:Fragment$SavedState(android.os.Bundle)
android.support.v4.app.FragmentActivity:
    private static final java.lang.String TAG
    private static final java.lang.String FRAGMENTS_TAG
    private static final int HONEYCOMB
    static final int MSG_REALLY_STOPPED
    static final int MSG_RESUME_PENDING
    558:560:public java.lang.Object getLastCustomNonConfigurationInstance()
    587:609:public void dump(java.lang.String,java.io.FileDescriptor,java.io.PrintWriter,java.lang.String[])
    706:711:public android.support.v4.app.LoaderManager getSupportLoaderManager()
android.support.v4.app.FragmentActivity$FragmentTag:
    public static final int Fragment_id
    public static final int Fragment_name
    public static final int Fragment_tag
    121:121:FragmentActivity$FragmentTag()
android.support.v4.app.FragmentManager:
    public static final int POP_BACK_STACK_INCLUSIVE
    139:139:public android.support.v4.app.FragmentTransaction openTransaction()
    public abstract boolean executePendingTransactions()
    public abstract android.support.v4.app.Fragment findFragmentById(int)
    public abstract void popBackStack()
    public abstract boolean popBackStackImmediate()
    public abstract boolean popBackStackImmediate(java.lang.String,int)
    public abstract void popBackStack(int,int)
    public abstract boolean popBackStackImmediate(int,int)
    public abstract int getBackStackEntryCount()
    public abstract android.support.v4.app.FragmentManager$BackStackEntry getBackStackEntryAt(int)
    public abstract void addOnBackStackChangedListener(android.support.v4.app.FragmentManager$OnBackStackChangedListener)
    public abstract void removeOnBackStackChangedListener(android.support.v4.app.FragmentManager$OnBackStackChangedListener)
    public abstract void putFragment(android.os.Bundle,java.lang.String,android.support.v4.app.Fragment)
    public abstract android.support.v4.app.Fragment getFragment(android.os.Bundle,java.lang.String)
    public abstract android.support.v4.app.Fragment$SavedState saveFragmentInstanceState(android.support.v4.app.Fragment)
    public abstract void dump(java.lang.String,java.io.FileDescriptor,java.io.PrintWriter,java.lang.String[])
    334:335:public static void enableDebugLogging(boolean)
android.support.v4.app.FragmentManager$BackStackEntry